TN:
SF:/Users/emmiehine/Desktop/Summer Research 2018/TypeScript/summer-language/index.ts
FNF:0
FNH:0
LF:0
LH:0
BRF:0
BRH:0
end_of_record
TN:
SF:/Users/emmiehine/Desktop/Summer Research 2018/TypeScript/summer-language/lib/Expression.ts
FNF:0
FNH:0
LF:0
LH:0
BRF:0
BRH:0
end_of_record
TN:
SF:/Users/emmiehine/Desktop/Summer Research 2018/TypeScript/summer-language/lib/binops/AssignOp.ts
FN:9,(anonymous_0)
FN:16,(anonymous_1)
FN:20,(anonymous_2)
FNF:3
FNH:2
FNDA:1,(anonymous_0)
FNDA:0,(anonymous_1)
FNDA:1,(anonymous_2)
DA:1,1
DA:4,1
DA:8,1
DA:10,1
DA:11,1
DA:12,0
DA:21,1
DA:22,1
DA:23,1
DA:25,1
DA:27,1
DA:29,0
LF:12
LH:10
BRDA:11,0,0,0
BRDA:11,0,1,1
BRDA:21,1,0,1
BRDA:21,1,1,0
BRF:4
BRH:2
end_of_record
TN:
SF:/Users/emmiehine/Desktop/Summer Research 2018/TypeScript/summer-language/lib/binops/BinaryOperation.ts
FN:6,(anonymous_0)
FN:9,(anonymous_1)
FN:11,(anonymous_2)
FN:14,(anonymous_3)
FN:18,(anonymous_4)
FN:21,(anonymous_5)
FNF:6
FNH:3
FNDA:25,(anonymous_0)
FNDA:0,(anonymous_1)
FNDA:29,(anonymous_2)
FNDA:0,(anonymous_3)
FNDA:22,(anonymous_4)
FNDA:0,(anonymous_5)
DA:5,1
DA:6,25
DA:12,29
DA:15,0
DA:19,22
DA:22,0
LF:6
LH:4
BRF:0
BRH:0
end_of_record
TN:
SF:/Users/emmiehine/Desktop/Summer Research 2018/TypeScript/summer-language/lib/binops/DeclareOp.ts
FN:9,(anonymous_0)
FN:16,(anonymous_1)
FN:20,(anonymous_2)
FNF:3
FNH:2
FNDA:9,(anonymous_0)
FNDA:0,(anonymous_1)
FNDA:6,(anonymous_2)
DA:1,1
DA:4,1
DA:8,1
DA:10,9
DA:11,9
DA:12,3
DA:21,6
DA:22,6
DA:23,6
DA:27,6
DA:30,6
DA:39,6
DA:41,0
LF:13
LH:12
BRDA:11,0,0,3
BRDA:11,0,1,6
BRDA:21,1,0,6
BRDA:21,1,1,0
BRF:4
BRH:3
end_of_record
TN:
SF:/Users/emmiehine/Desktop/Summer Research 2018/TypeScript/summer-language/lib/binops/DivOp.ts
FN:7,(anonymous_0)
FN:11,(anonymous_1)
FN:15,(anonymous_2)
FNF:3
FNH:2
FNDA:3,(anonymous_0)
FNDA:0,(anonymous_1)
FNDA:3,(anonymous_2)
DA:1,1
DA:3,1
DA:4,1
DA:6,1
DA:8,3
DA:16,3
LF:6
LH:6
BRF:0
BRH:0
end_of_record
TN:
SF:/Users/emmiehine/Desktop/Summer Research 2018/TypeScript/summer-language/lib/binops/MinusOp.ts
FN:7,(anonymous_0)
FN:11,(anonymous_1)
FN:15,(anonymous_2)
FNF:3
FNH:2
FNDA:3,(anonymous_0)
FNDA:0,(anonymous_1)
FNDA:3,(anonymous_2)
DA:1,1
DA:3,1
DA:4,1
DA:6,1
DA:8,3
DA:16,3
LF:6
LH:6
BRF:0
BRH:0
end_of_record
TN:
SF:/Users/emmiehine/Desktop/Summer Research 2018/TypeScript/summer-language/lib/binops/MulOp.ts
FN:7,(anonymous_0)
FN:11,(anonymous_1)
FN:15,(anonymous_2)
FNF:3
FNH:2
FNDA:4,(anonymous_0)
FNDA:0,(anonymous_1)
FNDA:4,(anonymous_2)
DA:1,1
DA:3,1
DA:4,1
DA:6,1
DA:8,4
DA:16,4
LF:6
LH:6
BRF:0
BRH:0
end_of_record
TN:
SF:/Users/emmiehine/Desktop/Summer Research 2018/TypeScript/summer-language/lib/binops/PlusOp.ts
FN:8,(anonymous_0)
FN:12,(anonymous_1)
FN:16,(anonymous_2)
FNF:3
FNH:2
FNDA:5,(anonymous_0)
FNDA:0,(anonymous_1)
FNDA:5,(anonymous_2)
DA:1,1
DA:3,1
DA:4,1
DA:7,1
DA:9,5
DA:17,5
DA:18,5
DA:19,5
DA:20,5
DA:21,5
LF:10
LH:10
BRF:0
BRH:0
end_of_record
TN:
SF:/Users/emmiehine/Desktop/Summer Research 2018/TypeScript/summer-language/lib/conditionals/Conditional.ts
FN:16,(anonymous_0)
FN:22,(anonymous_1)
FN:37,(anonymous_2)
FN:80,(anonymous_3)
FNF:4
FNH:2
FNDA:11,(anonymous_0)
FNDA:8,(anonymous_1)
FNDA:0,(anonymous_2)
FNDA:0,(anonymous_3)
DA:2,1
DA:3,1
DA:5,1
DA:17,11
DA:18,11
DA:19,11
DA:23,8
DA:25,8
DA:27,2
DA:28,0
DA:30,2
DA:31,2
DA:32,0
DA:33,0
DA:38,0
LF:15
LH:11
BRDA:27,0,0,0
BRDA:27,0,1,2
BRDA:30,1,0,2
BRDA:30,1,1,0
BRDA:32,2,0,0
BRDA:32,2,1,0
BRF:6
BRH:2
end_of_record
TN:
SF:/Users/emmiehine/Desktop/Summer Research 2018/TypeScript/summer-language/lib/effects/Effect.ts
FNF:0
FNH:0
LF:0
LH:0
BRF:0
BRH:0
end_of_record
TN:
SF:/Users/emmiehine/Desktop/Summer Research 2018/TypeScript/summer-language/lib/effects/StringEffect.ts
FN:14,(anonymous_0)
FN:18,(anonymous_1)
FN:32,(anonymous_2)
FN:36,(anonymous_3)
FN:40,(anonymous_4)
FN:57,(anonymous_5)
FNF:6
FNH:0
FNDA:0,(anonymous_0)
FNDA:0,(anonymous_1)
FNDA:0,(anonymous_2)
FNDA:0,(anonymous_3)
FNDA:0,(anonymous_4)
FNDA:0,(anonymous_5)
DA:6,1
DA:10,0
DA:15,0
DA:19,0
DA:20,0
DA:21,0
DA:22,0
DA:23,0
DA:24,0
DA:25,0
DA:26,0
DA:27,0
DA:28,0
DA:33,0
DA:37,0
DA:41,0
DA:42,0
DA:43,0
DA:44,0
DA:45,0
DA:46,0
DA:48,0
DA:49,0
DA:53,0
DA:58,0
DA:59,0
DA:60,0
DA:61,0
DA:62,0
DA:63,0
LF:30
LH:1
BRDA:19,0,0,0
BRDA:19,0,1,0
BRDA:45,1,0,0
BRDA:45,1,1,0
BRDA:47,2,0,0
BRF:5
BRH:0
end_of_record
TN:
SF:/Users/emmiehine/Desktop/Summer Research 2018/TypeScript/summer-language/lib/funhouse/FunApp.ts
FN:12,(anonymous_0)
FN:19,(anonymous_1)
FN:61,(anonymous_2)
FN:66,(anonymous_3)
FN:69,(anonymous_4)
FNF:5
FNH:2
FNDA:4,(anonymous_0)
FNDA:4,(anonymous_1)
FNDA:0,(anonymous_2)
FNDA:0,(anonymous_3)
FNDA:0,(anonymous_4)
DA:3,1
DA:4,1
DA:7,1
DA:10,4
DA:13,4
DA:14,4
DA:15,4
DA:20,4
DA:22,4
DA:24,4
DA:25,4
DA:27,4
DA:36,4
DA:37,4
DA:39,4
DA:45,4
DA:46,4
DA:47,4
DA:48,0
DA:51,4
DA:52,0
DA:55,4
DA:58,0
DA:67,0
DA:70,0
LF:25
LH:20
BRDA:24,0,0,4
BRDA:24,0,1,0
BRDA:51,1,0,0
BRDA:51,1,1,4
BRDA:51,2,0,4
BRDA:51,2,1,0
BRF:6
BRH:3
end_of_record
TN:
SF:/Users/emmiehine/Desktop/Summer Research 2018/TypeScript/summer-language/lib/funhouse/FunDef.ts
FN:10,(anonymous_0)
FN:18,(anonymous_1)
FN:33,(anonymous_2)
FN:38,(anonymous_3)
FN:41,(anonymous_4)
FN:44,(anonymous_5)
FN:47,(anonymous_6)
FNF:7
FNH:5
FNDA:5,(anonymous_0)
FNDA:5,(anonymous_1)
FNDA:0,(anonymous_2)
FNDA:0,(anonymous_3)
FNDA:4,(anonymous_4)
FNDA:4,(anonymous_5)
FNDA:4,(anonymous_6)
DA:2,1
DA:4,1
DA:11,5
DA:12,5
DA:13,5
DA:19,5
DA:28,5
DA:29,5
DA:30,5
DA:39,0
DA:42,4
DA:45,4
DA:48,4
LF:13
LH:12
BRF:0
BRH:0
end_of_record
TN:
SF:/Users/emmiehine/Desktop/Summer Research 2018/TypeScript/summer-language/lib/lists/ListNode.ts
FN:8,(anonymous_0)
FN:12,(anonymous_1)
FN:20,(anonymous_2)
FN:23,(anonymous_3)
FNF:4
FNH:2
FNDA:7,(anonymous_0)
FNDA:4,(anonymous_1)
FNDA:0,(anonymous_2)
FNDA:0,(anonymous_3)
DA:5,1
DA:9,7
DA:13,4
DA:14,4
DA:15,13
DA:17,4
DA:24,0
LF:7
LH:6
BRF:0
BRH:0
end_of_record
TN:
SF:/Users/emmiehine/Desktop/Summer Research 2018/TypeScript/summer-language/lib/logic/And.ts
FN:9,(anonymous_0)
FN:14,(anonymous_1)
FN:25,(anonymous_2)
FN:29,(anonymous_3)
FN:32,(anonymous_4)
FNF:5
FNH:2
FNDA:2,(anonymous_0)
FNDA:2,(anonymous_1)
FNDA:0,(anonymous_2)
FNDA:0,(anonymous_3)
FNDA:0,(anonymous_4)
DA:3,1
DA:5,1
DA:10,2
DA:11,2
DA:15,2
DA:16,0
DA:18,0
DA:19,0
DA:21,0
DA:30,0
DA:33,0
LF:11
LH:5
BRDA:18,0,0,0
BRDA:18,0,1,0
BRDA:18,1,0,0
BRDA:18,1,1,0
BRDA:19,2,0,0
BRDA:19,2,1,0
BRF:6
BRH:0
end_of_record
TN:
SF:/Users/emmiehine/Desktop/Summer Research 2018/TypeScript/summer-language/lib/logic/Equals.ts
FN:10,(anonymous_0)
FN:15,(anonymous_1)
FN:25,(anonymous_2)
FN:29,(anonymous_3)
FN:32,(anonymous_4)
FNF:5
FNH:2
FNDA:14,(anonymous_0)
FNDA:9,(anonymous_1)
FNDA:0,(anonymous_2)
FNDA:0,(anonymous_3)
FNDA:0,(anonymous_4)
DA:3,1
DA:4,1
DA:6,1
DA:11,14
DA:12,14
DA:16,9
DA:17,9
DA:18,9
DA:19,0
DA:21,9
DA:30,0
DA:33,0
LF:12
LH:9
BRDA:18,0,0,0
BRDA:18,0,1,9
BRDA:18,1,0,9
BRDA:18,1,1,0
BRF:4
BRH:2
end_of_record
TN:
SF:/Users/emmiehine/Desktop/Summer Research 2018/TypeScript/summer-language/lib/logic/GreaterThan.ts
FN:10,(anonymous_0)
FN:15,(anonymous_1)
FN:25,(anonymous_2)
FN:29,(anonymous_3)
FN:32,(anonymous_4)
FNF:5
FNH:2
FNDA:2,(anonymous_0)
FNDA:2,(anonymous_1)
FNDA:0,(anonymous_2)
FNDA:0,(anonymous_3)
FNDA:0,(anonymous_4)
DA:3,1
DA:4,1
DA:6,1
DA:11,2
DA:12,2
DA:16,2
DA:17,2
DA:18,2
DA:19,0
DA:21,2
DA:30,0
DA:33,0
LF:12
LH:9
BRDA:18,0,0,0
BRDA:18,0,1,2
BRDA:18,1,0,2
BRDA:18,1,1,0
BRF:4
BRH:2
end_of_record
TN:
SF:/Users/emmiehine/Desktop/Summer Research 2018/TypeScript/summer-language/lib/logic/GreaterThanEq.ts
FN:10,(anonymous_0)
FN:15,(anonymous_1)
FN:25,(anonymous_2)
FN:29,(anonymous_3)
FN:32,(anonymous_4)
FNF:5
FNH:2
FNDA:2,(anonymous_0)
FNDA:2,(anonymous_1)
FNDA:0,(anonymous_2)
FNDA:0,(anonymous_3)
FNDA:0,(anonymous_4)
DA:3,1
DA:4,1
DA:6,1
DA:11,2
DA:12,2
DA:16,2
DA:17,2
DA:18,2
DA:19,0
DA:21,2
DA:30,0
DA:33,0
LF:12
LH:9
BRDA:18,0,0,0
BRDA:18,0,1,2
BRDA:18,1,0,2
BRDA:18,1,1,0
BRF:4
BRH:2
end_of_record
TN:
SF:/Users/emmiehine/Desktop/Summer Research 2018/TypeScript/summer-language/lib/logic/LessThan.ts
FN:10,(anonymous_0)
FN:15,(anonymous_1)
FN:31,(anonymous_2)
FN:35,(anonymous_3)
FN:38,(anonymous_4)
FNF:5
FNH:2
FNDA:12,(anonymous_0)
FNDA:9,(anonymous_1)
FNDA:0,(anonymous_2)
FNDA:0,(anonymous_3)
FNDA:0,(anonymous_4)
DA:3,1
DA:4,1
DA:6,1
DA:11,12
DA:12,12
DA:17,9
DA:18,9
DA:19,9
DA:24,0
DA:26,9
DA:36,0
DA:39,0
LF:12
LH:9
BRDA:19,0,0,0
BRDA:19,0,1,9
BRDA:19,1,0,9
BRDA:19,1,1,0
BRF:4
BRH:2
end_of_record
TN:
SF:/Users/emmiehine/Desktop/Summer Research 2018/TypeScript/summer-language/lib/logic/LessThanEq.ts
FN:10,(anonymous_0)
FN:15,(anonymous_1)
FN:25,(anonymous_2)
FN:29,(anonymous_3)
FN:32,(anonymous_4)
FNF:5
FNH:2
FNDA:2,(anonymous_0)
FNDA:2,(anonymous_1)
FNDA:0,(anonymous_2)
FNDA:0,(anonymous_3)
FNDA:0,(anonymous_4)
DA:3,1
DA:4,1
DA:6,1
DA:11,2
DA:12,2
DA:16,2
DA:17,2
DA:18,2
DA:19,0
DA:21,2
DA:30,0
DA:33,0
LF:12
LH:9
BRDA:18,0,0,0
BRDA:18,0,1,2
BRDA:18,1,0,2
BRDA:18,1,1,0
BRF:4
BRH:2
end_of_record
TN:
SF:/Users/emmiehine/Desktop/Summer Research 2018/TypeScript/summer-language/lib/logic/Not.ts
FN:8,(anonymous_0)
FN:12,(anonymous_1)
FN:22,(anonymous_2)
FN:26,(anonymous_3)
FNF:4
FNH:2
FNDA:2,(anonymous_0)
FNDA:2,(anonymous_1)
FNDA:0,(anonymous_2)
FNDA:0,(anonymous_3)
DA:3,1
DA:5,1
DA:9,2
DA:13,2
DA:14,0
DA:15,0
DA:17,0
DA:27,0
LF:8
LH:4
BRDA:14,0,0,0
BRDA:14,0,1,0
BRF:2
BRH:0
end_of_record
TN:
SF:/Users/emmiehine/Desktop/Summer Research 2018/TypeScript/summer-language/lib/logic/NotEqual.ts
FN:10,(anonymous_0)
FN:15,(anonymous_1)
FN:25,(anonymous_2)
FN:29,(anonymous_3)
FN:32,(anonymous_4)
FNF:5
FNH:2
FNDA:2,(anonymous_0)
FNDA:2,(anonymous_1)
FNDA:0,(anonymous_2)
FNDA:0,(anonymous_3)
FNDA:0,(anonymous_4)
DA:3,1
DA:4,1
DA:6,1
DA:11,2
DA:12,2
DA:16,2
DA:17,2
DA:18,2
DA:19,0
DA:21,2
DA:30,0
DA:33,0
LF:12
LH:9
BRDA:18,0,0,0
BRDA:18,0,1,2
BRDA:18,1,0,2
BRDA:18,1,1,0
BRF:4
BRH:2
end_of_record
TN:
SF:/Users/emmiehine/Desktop/Summer Research 2018/TypeScript/summer-language/lib/logic/Or.ts
FN:9,(anonymous_0)
FN:14,(anonymous_1)
FN:25,(anonymous_2)
FN:29,(anonymous_3)
FN:32,(anonymous_4)
FNF:5
FNH:2
FNDA:3,(anonymous_0)
FNDA:3,(anonymous_1)
FNDA:0,(anonymous_2)
FNDA:0,(anonymous_3)
FNDA:0,(anonymous_4)
DA:3,1
DA:5,1
DA:10,3
DA:11,3
DA:15,3
DA:16,0
DA:18,0
DA:19,0
DA:21,0
DA:30,0
DA:33,0
LF:11
LH:5
BRDA:18,0,0,0
BRDA:18,0,1,0
BRDA:18,1,0,0
BRDA:18,1,1,0
BRDA:19,2,0,0
BRDA:19,2,1,0
BRF:6
BRH:0
end_of_record
TN:
SF:/Users/emmiehine/Desktop/Summer Research 2018/TypeScript/summer-language/lib/loops/ForNode.ts
FN:12,(anonymous_0)
FN:19,(anonymous_1)
FN:51,(anonymous_2)
FNF:3
FNH:0
FNDA:0,(anonymous_0)
FNDA:0,(anonymous_1)
FNDA:0,(anonymous_2)
DA:2,1
DA:3,1
DA:6,1
DA:13,0
DA:14,0
DA:15,0
DA:16,0
DA:20,0
DA:22,0
DA:23,0
DA:24,0
DA:26,0
DA:30,0
DA:31,0
DA:32,0
DA:33,0
DA:37,0
LF:17
LH:3
BRDA:23,0,0,0
BRDA:23,0,1,0
BRF:2
BRH:0
end_of_record
TN:
SF:/Users/emmiehine/Desktop/Summer Research 2018/TypeScript/summer-language/lib/prims/BooleanNode.ts
FN:7,(anonymous_0)
FN:12,(anonymous_1)
FN:16,(anonymous_2)
FN:20,(anonymous_3)
FN:23,(anonymous_4)
FNF:5
FNH:3
FNDA:6,(anonymous_0)
FNDA:4,(anonymous_1)
FNDA:0,(anonymous_2)
FNDA:2,(anonymous_3)
FNDA:0,(anonymous_4)
DA:4,1
DA:9,6
DA:13,4
DA:21,2
DA:24,0
LF:5
LH:4
BRF:0
BRH:0
end_of_record
TN:
SF:/Users/emmiehine/Desktop/Summer Research 2018/TypeScript/summer-language/lib/prims/NumberNode.ts
FN:11,(anonymous_0)
FN:16,(anonymous_1)
FN:20,(anonymous_2)
FN:24,(anonymous_3)
FN:27,(anonymous_4)
FNF:5
FNH:3
FNDA:78,(anonymous_0)
FNDA:59,(anonymous_1)
FNDA:0,(anonymous_2)
FNDA:34,(anonymous_3)
FNDA:0,(anonymous_4)
DA:8,1
DA:13,78
DA:17,59
DA:25,34
DA:28,0
LF:5
LH:4
BRF:0
BRH:0
end_of_record
TN:
SF:/Users/emmiehine/Desktop/Summer Research 2018/TypeScript/summer-language/lib/prims/StringNode.ts
FN:11,(anonymous_0)
FN:15,(anonymous_1)
FN:19,(anonymous_2)
FN:24,(anonymous_3)
FN:28,(anonymous_4)
FNF:5
FNH:3
FNDA:1,(anonymous_0)
FNDA:1,(anonymous_1)
FNDA:0,(anonymous_2)
FNDA:0,(anonymous_3)
FNDA:1,(anonymous_4)
DA:3,1
DA:9,1
DA:12,1
DA:16,1
DA:20,0
DA:21,0
DA:25,0
DA:29,1
LF:8
LH:5
BRF:0
BRH:0
end_of_record
TN:
SF:/Users/emmiehine/Desktop/Summer Research 2018/TypeScript/summer-language/lib/structural/ReturnError.ts
FN:2,(anonymous_0)
FNF:1
FNH:0
FNDA:0,(anonymous_0)
DA:1,1
DA:2,0
DA:3,0
DA:4,0
LF:4
LH:1
BRF:0
BRH:0
end_of_record
TN:
SF:/Users/emmiehine/Desktop/Summer Research 2018/TypeScript/summer-language/lib/structural/Scope.ts
FN:21,(anonymous_0)
FN:29,(anonymous_1)
FN:35,(anonymous_2)
FN:43,(anonymous_3)
FN:48,(anonymous_4)
FN:61,(anonymous_5)
FN:74,(anonymous_6)
FN:77,(anonymous_7)
FN:81,(anonymous_8)
FN:85,(anonymous_9)
FN:88,(anonymous_10)
FN:92,(anonymous_11)
FN:95,(anonymous_12)
FN:99,(anonymous_13)
FN:102,(anonymous_14)
FN:106,(anonymous_15)
FN:110,(anonymous_16)
FN:113,(anonymous_17)
FNF:18
FNH:11
FNDA:78,(anonymous_0)
FNDA:4,(anonymous_1)
FNDA:11,(anonymous_2)
FNDA:17,(anonymous_3)
FNDA:29,(anonymous_4)
FNDA:4,(anonymous_5)
FNDA:50,(anonymous_6)
FNDA:4,(anonymous_7)
FNDA:28,(anonymous_8)
FNDA:0,(anonymous_9)
FNDA:4,(anonymous_10)
FNDA:0,(anonymous_11)
FNDA:0,(anonymous_12)
FNDA:0,(anonymous_13)
FNDA:0,(anonymous_14)
FNDA:0,(anonymous_15)
FNDA:0,(anonymous_16)
FNDA:4,(anonymous_17)
DA:1,1
DA:4,1
DA:7,78
DA:8,78
DA:18,78
DA:19,78
DA:22,78
DA:23,78
DA:24,78
DA:25,78
DA:26,78
DA:30,4
DA:31,4
DA:32,4
DA:36,11
DA:37,0
DA:39,11
DA:44,17
DA:49,29
DA:50,17
DA:51,17
DA:55,12
DA:56,12
DA:58,0
DA:63,4
DA:64,4
DA:66,0
DA:67,0
DA:69,0
DA:75,50
DA:78,4
DA:82,28
DA:86,0
DA:89,4
DA:93,0
DA:96,0
DA:100,0
DA:103,0
DA:107,0
DA:111,0
DA:114,4
LF:41
LH:29
BRDA:24,0,0,78
BRDA:24,0,1,78
BRDA:25,1,0,78
BRDA:25,1,1,78
BRDA:26,2,0,0
BRDA:26,2,1,78
BRDA:26,3,0,78
BRDA:26,3,1,52
BRDA:36,4,0,0
BRDA:36,4,1,11
BRDA:49,5,0,17
BRDA:49,5,1,12
BRDA:50,6,0,17
BRDA:50,6,1,0
BRDA:55,7,0,12
BRDA:55,7,1,0
BRDA:63,8,0,4
BRDA:63,8,1,0
BRDA:66,9,0,0
BRDA:66,9,1,0
BRF:20
BRH:13
end_of_record
TN:
SF:/Users/emmiehine/Desktop/Summer Research 2018/TypeScript/summer-language/lib/structural/SequenceNode.ts
FN:10,(anonymous_0)
FN:15,(anonymous_1)
FN:19,(anonymous_2)
FN:27,(anonymous_3)
FN:30,(anonymous_4)
FN:34,(anonymous_5)
FN:37,(anonymous_6)
FN:41,(anonymous_7)
FN:45,(anonymous_8)
FNF:9
FNH:3
FNDA:11,(anonymous_0)
FNDA:0,(anonymous_1)
FNDA:11,(anonymous_2)
FNDA:0,(anonymous_3)
FNDA:0,(anonymous_4)
FNDA:0,(anonymous_5)
FNDA:0,(anonymous_6)
FNDA:0,(anonymous_7)
FNDA:4,(anonymous_8)
DA:2,1
DA:4,1
DA:11,11
DA:12,11
DA:20,11
DA:23,11
DA:24,11
DA:28,0
DA:31,0
DA:35,0
DA:38,0
DA:42,0
DA:46,4
LF:13
LH:8
BRF:0
BRH:0
end_of_record
TN:
SF:/Users/emmiehine/Desktop/Summer Research 2018/TypeScript/summer-language/lib/unops/NegOp.ts
FN:7,(anonymous_0)
FN:11,(anonymous_1)
FN:15,(anonymous_2)
FNF:3
FNH:2
FNDA:2,(anonymous_0)
FNDA:0,(anonymous_1)
FNDA:2,(anonymous_2)
DA:1,1
DA:4,1
DA:6,1
DA:8,2
DA:16,2
DA:17,2
LF:6
LH:6
BRF:0
BRH:0
end_of_record
TN:
SF:/Users/emmiehine/Desktop/Summer Research 2018/TypeScript/summer-language/lib/unops/UnaryOperation.ts
FN:5,(anonymous_0)
FN:7,(anonymous_1)
FN:9,(anonymous_2)
FN:12,(anonymous_3)
FNF:4
FNH:2
FNDA:2,(anonymous_0)
FNDA:0,(anonymous_1)
FNDA:2,(anonymous_2)
FNDA:0,(anonymous_3)
DA:4,1
DA:5,2
DA:10,2
DA:13,0
LF:4
LH:3
BRF:0
BRH:0
end_of_record
TN:
SF:/Users/emmiehine/Desktop/Summer Research 2018/TypeScript/summer-language/lib/vars/VariableNode.ts
FN:7,(anonymous_0)
FN:12,(anonymous_1)
FN:18,(anonymous_2)
FN:23,(anonymous_3)
FNF:4
FNH:3
FNDA:8,(anonymous_0)
FNDA:5,(anonymous_1)
FNDA:0,(anonymous_2)
FNDA:13,(anonymous_3)
DA:4,1
DA:8,8
DA:15,5
DA:24,13
LF:4
LH:4
BRF:0
BRH:0
end_of_record
