TN:
SF:/Users/emmiehine/Desktop/Summer Research 2018/TypeScript/summer-language/lib/Expression.js
FNF:0
FNH:0
DA:2,0
LF:1
LH:0
BRF:0
BRH:0
end_of_record
TN:
SF:/Users/emmiehine/Desktop/Summer Research 2018/TypeScript/summer-language/lib/index.ts
FNF:0
FNH:0
DA:3,1
DA:4,1
DA:5,1
DA:6,1
DA:7,1
DA:8,1
DA:10,1
DA:12,1
DA:14,1
DA:15,1
DA:17,1
DA:18,1
DA:19,1
DA:21,1
DA:22,1
DA:23,1
DA:24,1
DA:26,1
DA:27,1
DA:29,1
DA:32,1
DA:33,1
DA:34,1
DA:35,1
DA:36,1
DA:38,1
LF:26
LH:26
BRF:0
BRH:0
end_of_record
TN:
SF:/Users/emmiehine/Desktop/Summer Research 2018/TypeScript/summer-language/lib/Ignore for now/ListHead.js
FNF:0
FNH:0
LF:0
LH:0
BRF:0
BRH:0
end_of_record
TN:
SF:/Users/emmiehine/Desktop/Summer Research 2018/TypeScript/summer-language/lib/Ignore for now/Node.js
FNF:0
FNH:0
LF:0
LH:0
BRF:0
BRH:0
end_of_record
TN:
SF:/Users/emmiehine/Desktop/Summer Research 2018/TypeScript/summer-language/lib/Ignore for now/test0.js
FNF:0
FNH:0
DA:2,0
DA:3,0
DA:4,0
DA:5,0
LF:4
LH:0
BRF:0
BRH:0
end_of_record
TN:
SF:/Users/emmiehine/Desktop/Summer Research 2018/TypeScript/summer-language/lib/binops/AssignOp.ts
FN:9,(anonymous_0)
FN:16,(anonymous_1)
FN:20,(anonymous_2)
FNF:3
FNH:2
FNDA:13,(anonymous_0)
FNDA:0,(anonymous_1)
FNDA:11,(anonymous_2)
DA:1,1
DA:4,1
DA:8,1
DA:10,13
DA:11,13
DA:12,0
DA:21,11
DA:22,11
DA:23,11
DA:25,11
DA:27,11
DA:29,0
LF:12
LH:10
BRDA:11,0,0,0
BRDA:11,0,1,13
BRDA:21,1,0,11
BRDA:21,1,1,0
BRF:4
BRH:2
end_of_record
TN:
SF:/Users/emmiehine/Desktop/Summer Research 2018/TypeScript/summer-language/lib/binops/BinaryOperation.ts
FN:6,(anonymous_0)
FN:9,(anonymous_1)
FN:11,(anonymous_2)
FN:14,(anonymous_3)
FN:18,(anonymous_4)
FN:21,(anonymous_5)
FNF:6
FNH:3
FNDA:37,(anonymous_0)
FNDA:0,(anonymous_1)
FNDA:51,(anonymous_2)
FNDA:0,(anonymous_3)
FNDA:34,(anonymous_4)
FNDA:0,(anonymous_5)
DA:5,1
DA:6,37
DA:12,51
DA:15,0
DA:19,34
DA:22,0
LF:6
LH:4
BRF:0
BRH:0
end_of_record
TN:
SF:/Users/emmiehine/Desktop/Summer Research 2018/TypeScript/summer-language/lib/binops/DeclareOp.ts
FN:9,(anonymous_0)
FN:16,(anonymous_1)
FN:20,(anonymous_2)
FNF:3
FNH:2
FNDA:6,(anonymous_0)
FNDA:0,(anonymous_1)
FNDA:6,(anonymous_2)
DA:1,1
DA:4,1
DA:8,1
DA:10,6
DA:11,6
DA:12,0
DA:21,6
DA:22,6
DA:23,6
DA:27,6
DA:30,6
DA:39,6
DA:41,0
LF:13
LH:11
BRDA:11,0,0,0
BRDA:11,0,1,6
BRDA:21,1,0,6
BRDA:21,1,1,0
BRF:4
BRH:2
end_of_record
TN:
SF:/Users/emmiehine/Desktop/Summer Research 2018/TypeScript/summer-language/lib/binops/DivOp.ts
FN:7,(anonymous_0)
FN:11,(anonymous_1)
FN:15,(anonymous_2)
FNF:3
FNH:2
FNDA:3,(anonymous_0)
FNDA:0,(anonymous_1)
FNDA:3,(anonymous_2)
DA:1,1
DA:3,1
DA:4,1
DA:6,1
DA:8,3
DA:16,3
LF:6
LH:6
BRF:0
BRH:0
end_of_record
TN:
SF:/Users/emmiehine/Desktop/Summer Research 2018/TypeScript/summer-language/lib/binops/MinusOp.ts
FN:7,(anonymous_0)
FN:11,(anonymous_1)
FN:15,(anonymous_2)
FNF:3
FNH:2
FNDA:3,(anonymous_0)
FNDA:0,(anonymous_1)
FNDA:3,(anonymous_2)
DA:1,1
DA:3,1
DA:4,1
DA:6,1
DA:8,3
DA:16,3
LF:6
LH:6
BRF:0
BRH:0
end_of_record
TN:
SF:/Users/emmiehine/Desktop/Summer Research 2018/TypeScript/summer-language/lib/binops/MulOp.ts
FN:7,(anonymous_0)
FN:11,(anonymous_1)
FN:15,(anonymous_2)
FNF:3
FNH:2
FNDA:4,(anonymous_0)
FNDA:0,(anonymous_1)
FNDA:4,(anonymous_2)
DA:1,1
DA:3,1
DA:4,1
DA:6,1
DA:8,4
DA:16,4
LF:6
LH:6
BRF:0
BRH:0
end_of_record
TN:
SF:/Users/emmiehine/Desktop/Summer Research 2018/TypeScript/summer-language/lib/binops/PlusOp.ts
FN:8,(anonymous_0)
FN:12,(anonymous_1)
FN:16,(anonymous_2)
FNF:3
FNH:2
FNDA:8,(anonymous_0)
FNDA:0,(anonymous_1)
FNDA:7,(anonymous_2)
DA:1,1
DA:3,1
DA:4,1
DA:7,1
DA:9,8
DA:17,7
DA:18,7
DA:19,7
DA:20,7
DA:21,7
LF:10
LH:10
BRF:0
BRH:0
end_of_record
TN:
SF:/Users/emmiehine/Desktop/Summer Research 2018/TypeScript/summer-language/lib/conditionals/Conditional.ts
FN:14,(anonymous_0)
FN:20,(anonymous_1)
FN:34,(anonymous_2)
FN:77,(anonymous_3)
FNF:4
FNH:2
FNDA:11,(anonymous_0)
FNDA:8,(anonymous_1)
FNDA:0,(anonymous_2)
FNDA:0,(anonymous_3)
DA:1,1
DA:3,1
DA:15,11
DA:16,11
DA:17,11
DA:21,8
DA:23,8
DA:24,8
DA:25,8
DA:27,0
DA:28,0
DA:29,0
DA:30,0
DA:35,0
LF:14
LH:9
BRDA:24,0,0,8
BRDA:24,0,1,0
BRDA:27,1,0,0
BRDA:27,1,1,0
BRDA:29,2,0,0
BRDA:29,2,1,0
BRF:6
BRH:1
end_of_record
TN:
SF:/Users/emmiehine/Desktop/Summer Research 2018/TypeScript/summer-language/lib/effects/Effect.js
FNF:0
FNH:0
DA:2,0
LF:1
LH:0
BRF:0
BRH:0
end_of_record
TN:
SF:/Users/emmiehine/Desktop/Summer Research 2018/TypeScript/summer-language/lib/effects/EllipseEffect.ts
FN:12,(anonymous_0)
FN:16,(anonymous_1)
FN:27,(anonymous_2)
FN:31,(anonymous_3)
FNF:4
FNH:0
FNDA:0,(anonymous_0)
FNDA:0,(anonymous_1)
FNDA:0,(anonymous_2)
FNDA:0,(anonymous_3)
DA:6,1
DA:10,0
DA:13,0
DA:17,0
DA:18,0
DA:19,0
DA:20,0
DA:21,0
DA:22,0
DA:23,0
DA:28,0
DA:32,0
LF:12
LH:1
BRDA:17,0,0,0
BRDA:17,0,1,0
BRF:2
BRH:0
end_of_record
TN:
SF:/Users/emmiehine/Desktop/Summer Research 2018/TypeScript/summer-language/lib/effects/StringEffect.ts
FN:14,(anonymous_0)
FN:18,(anonymous_1)
FN:32,(anonymous_2)
FN:36,(anonymous_3)
FN:40,(anonymous_4)
FN:57,(anonymous_5)
FNF:6
FNH:0
FNDA:0,(anonymous_0)
FNDA:0,(anonymous_1)
FNDA:0,(anonymous_2)
FNDA:0,(anonymous_3)
FNDA:0,(anonymous_4)
FNDA:0,(anonymous_5)
DA:6,1
DA:10,0
DA:15,0
DA:19,0
DA:20,0
DA:21,0
DA:22,0
DA:23,0
DA:24,0
DA:25,0
DA:26,0
DA:27,0
DA:28,0
DA:33,0
DA:37,0
DA:41,0
DA:42,0
DA:43,0
DA:44,0
DA:45,0
DA:46,0
DA:48,0
DA:49,0
DA:53,0
DA:58,0
DA:59,0
DA:60,0
DA:61,0
DA:62,0
DA:63,0
LF:30
LH:1
BRDA:19,0,0,0
BRDA:19,0,1,0
BRDA:45,1,0,0
BRDA:45,1,1,0
BRDA:47,2,0,0
BRF:5
BRH:0
end_of_record
TN:
SF:/Users/emmiehine/Desktop/Summer Research 2018/TypeScript/summer-language/lib/funhouse/FunApp.ts
FN:13,(anonymous_0)
FN:20,(anonymous_1)
FN:62,(anonymous_2)
FN:67,(anonymous_3)
FN:70,(anonymous_4)
FNF:5
FNH:2
FNDA:5,(anonymous_0)
FNDA:5,(anonymous_1)
FNDA:0,(anonymous_2)
FNDA:0,(anonymous_3)
FNDA:0,(anonymous_4)
DA:4,1
DA:5,1
DA:8,1
DA:11,5
DA:14,5
DA:15,5
DA:16,5
DA:21,5
DA:23,5
DA:25,5
DA:26,5
DA:28,5
DA:37,5
DA:38,5
DA:40,5
DA:46,5
DA:47,5
DA:48,5
DA:49,0
DA:52,5
DA:53,5
DA:56,0
DA:59,0
DA:68,0
DA:71,0
LF:25
LH:20
BRDA:25,0,0,5
BRDA:25,0,1,0
BRDA:52,1,0,5
BRDA:52,1,1,0
BRDA:52,2,0,5
BRDA:52,2,1,5
BRF:6
BRH:4
end_of_record
TN:
SF:/Users/emmiehine/Desktop/Summer Research 2018/TypeScript/summer-language/lib/funhouse/FunDef.ts
FN:10,(anonymous_0)
FN:18,(anonymous_1)
FN:33,(anonymous_2)
FN:38,(anonymous_3)
FN:41,(anonymous_4)
FN:44,(anonymous_5)
FN:47,(anonymous_6)
FNF:7
FNH:5
FNDA:6,(anonymous_0)
FNDA:6,(anonymous_1)
FNDA:0,(anonymous_2)
FNDA:0,(anonymous_3)
FNDA:5,(anonymous_4)
FNDA:5,(anonymous_5)
FNDA:5,(anonymous_6)
DA:2,1
DA:4,1
DA:11,6
DA:12,6
DA:13,6
DA:19,6
DA:28,6
DA:29,6
DA:30,6
DA:39,0
DA:42,5
DA:45,5
DA:48,5
LF:13
LH:12
BRF:0
BRH:0
end_of_record
TN:
SF:/Users/emmiehine/Desktop/Summer Research 2018/TypeScript/summer-language/lib/lists/ListNode.ts
FN:11,(anonymous_0)
FN:16,(anonymous_1)
FN:51,(anonymous_2)
FN:54,(anonymous_3)
FNF:4
FNH:2
FNDA:3,(anonymous_0)
FNDA:4,(anonymous_1)
FNDA:0,(anonymous_2)
FNDA:0,(anonymous_3)
DA:5,1
DA:12,3
DA:13,3
DA:17,4
DA:18,13
DA:20,4
DA:55,0
LF:7
LH:6
BRF:0
BRH:0
end_of_record
TN:
SF:/Users/emmiehine/Desktop/Summer Research 2018/TypeScript/summer-language/lib/logic/And.ts
FN:7,(anonymous_0)
FN:12,(anonymous_1)
FN:16,(anonymous_2)
FN:20,(anonymous_3)
FN:23,(anonymous_4)
FNF:5
FNH:2
FNDA:2,(anonymous_0)
FNDA:2,(anonymous_1)
FNDA:0,(anonymous_2)
FNDA:0,(anonymous_3)
FNDA:0,(anonymous_4)
DA:3,1
DA:8,2
DA:9,2
DA:13,2
DA:21,0
DA:24,0
LF:6
LH:4
BRDA:13,0,0,2
BRDA:13,0,1,0
BRF:2
BRH:1
end_of_record
TN:
SF:/Users/emmiehine/Desktop/Summer Research 2018/TypeScript/summer-language/lib/logic/Equals.ts
FN:7,(anonymous_0)
FN:12,(anonymous_1)
FN:16,(anonymous_2)
FN:20,(anonymous_3)
FN:23,(anonymous_4)
FNF:5
FNH:2
FNDA:14,(anonymous_0)
FNDA:12,(anonymous_1)
FNDA:0,(anonymous_2)
FNDA:0,(anonymous_3)
FNDA:0,(anonymous_4)
DA:3,1
DA:8,14
DA:9,14
DA:13,12
DA:21,0
DA:24,0
LF:6
LH:4
BRF:0
BRH:0
end_of_record
TN:
SF:/Users/emmiehine/Desktop/Summer Research 2018/TypeScript/summer-language/lib/logic/GreaterThan.ts
FN:7,(anonymous_0)
FN:12,(anonymous_1)
FN:16,(anonymous_2)
FN:20,(anonymous_3)
FN:23,(anonymous_4)
FNF:5
FNH:2
FNDA:2,(anonymous_0)
FNDA:2,(anonymous_1)
FNDA:0,(anonymous_2)
FNDA:0,(anonymous_3)
FNDA:0,(anonymous_4)
DA:3,1
DA:8,2
DA:9,2
DA:13,2
DA:21,0
DA:24,0
LF:6
LH:4
BRF:0
BRH:0
end_of_record
TN:
SF:/Users/emmiehine/Desktop/Summer Research 2018/TypeScript/summer-language/lib/logic/GreaterThanEq.ts
FN:7,(anonymous_0)
FN:12,(anonymous_1)
FN:16,(anonymous_2)
FN:20,(anonymous_3)
FN:23,(anonymous_4)
FNF:5
FNH:2
FNDA:2,(anonymous_0)
FNDA:2,(anonymous_1)
FNDA:0,(anonymous_2)
FNDA:0,(anonymous_3)
FNDA:0,(anonymous_4)
DA:3,1
DA:8,2
DA:9,2
DA:13,2
DA:21,0
DA:24,0
LF:6
LH:4
BRF:0
BRH:0
end_of_record
TN:
SF:/Users/emmiehine/Desktop/Summer Research 2018/TypeScript/summer-language/lib/logic/LessThan.ts
FN:9,(anonymous_0)
FN:14,(anonymous_1)
FN:26,(anonymous_2)
FN:30,(anonymous_3)
FN:33,(anonymous_4)
FNF:5
FNH:2
FNDA:13,(anonymous_0)
FNDA:10,(anonymous_1)
FNDA:0,(anonymous_2)
FNDA:0,(anonymous_3)
FNDA:0,(anonymous_4)
DA:2,1
DA:3,1
DA:5,1
DA:10,13
DA:11,13
DA:16,10
DA:17,10
DA:18,10
DA:19,10
DA:21,0
DA:31,0
DA:34,0
LF:12
LH:9
BRDA:18,0,0,10
BRDA:18,0,1,0
BRDA:18,1,0,10
BRDA:18,1,1,10
BRF:4
BRH:3
end_of_record
TN:
SF:/Users/emmiehine/Desktop/Summer Research 2018/TypeScript/summer-language/lib/logic/LessThanEq.ts
FN:7,(anonymous_0)
FN:12,(anonymous_1)
FN:16,(anonymous_2)
FN:20,(anonymous_3)
FN:23,(anonymous_4)
FNF:5
FNH:2
FNDA:2,(anonymous_0)
FNDA:2,(anonymous_1)
FNDA:0,(anonymous_2)
FNDA:0,(anonymous_3)
FNDA:0,(anonymous_4)
DA:3,1
DA:8,2
DA:9,2
DA:13,2
DA:21,0
DA:24,0
LF:6
LH:4
BRF:0
BRH:0
end_of_record
TN:
SF:/Users/emmiehine/Desktop/Summer Research 2018/TypeScript/summer-language/lib/logic/Not.ts
FN:6,(anonymous_0)
FN:10,(anonymous_1)
FN:14,(anonymous_2)
FN:18,(anonymous_3)
FNF:4
FNH:2
FNDA:2,(anonymous_0)
FNDA:2,(anonymous_1)
FNDA:0,(anonymous_2)
FNDA:0,(anonymous_3)
DA:3,1
DA:7,2
DA:11,2
DA:19,0
LF:4
LH:3
BRF:0
BRH:0
end_of_record
TN:
SF:/Users/emmiehine/Desktop/Summer Research 2018/TypeScript/summer-language/lib/logic/NotEqual.ts
FN:7,(anonymous_0)
FN:12,(anonymous_1)
FN:16,(anonymous_2)
FN:20,(anonymous_3)
FN:23,(anonymous_4)
FNF:5
FNH:2
FNDA:2,(anonymous_0)
FNDA:2,(anonymous_1)
FNDA:0,(anonymous_2)
FNDA:0,(anonymous_3)
FNDA:0,(anonymous_4)
DA:3,1
DA:8,2
DA:9,2
DA:13,2
DA:21,0
DA:24,0
LF:6
LH:4
BRF:0
BRH:0
end_of_record
TN:
SF:/Users/emmiehine/Desktop/Summer Research 2018/TypeScript/summer-language/lib/logic/Or.ts
FN:7,(anonymous_0)
FN:12,(anonymous_1)
FN:16,(anonymous_2)
FN:20,(anonymous_3)
FN:23,(anonymous_4)
FNF:5
FNH:2
FNDA:3,(anonymous_0)
FNDA:3,(anonymous_1)
FNDA:0,(anonymous_2)
FNDA:0,(anonymous_3)
FNDA:0,(anonymous_4)
DA:3,1
DA:8,3
DA:9,3
DA:13,3
DA:21,0
DA:24,0
LF:6
LH:4
BRDA:13,0,0,3
BRDA:13,0,1,3
BRF:2
BRH:2
end_of_record
TN:
SF:/Users/emmiehine/Desktop/Summer Research 2018/TypeScript/summer-language/lib/loops/WhileNode.ts
FN:8,(anonymous_0)
FN:13,(anonymous_1)
FN:40,(anonymous_2)
FNF:3
FNH:2
FNDA:1,(anonymous_0)
FNDA:1,(anonymous_1)
FNDA:0,(anonymous_2)
DA:1,1
DA:4,1
DA:9,1
DA:10,1
DA:14,1
DA:16,1
DA:17,1
DA:18,1
DA:22,0
DA:23,0
DA:24,0
DA:26,0
LF:12
LH:8
BRDA:17,0,0,1
BRDA:17,0,1,0
BRF:2
BRH:1
end_of_record
TN:
SF:/Users/emmiehine/Desktop/Summer Research 2018/TypeScript/summer-language/lib/prims/BooleanNode.ts
FN:6,(anonymous_0)
FN:11,(anonymous_1)
FN:15,(anonymous_2)
FN:19,(anonymous_3)
FN:22,(anonymous_4)
FNF:5
FNH:2
FNDA:30,(anonymous_0)
FNDA:4,(anonymous_1)
FNDA:0,(anonymous_2)
FNDA:0,(anonymous_3)
FNDA:0,(anonymous_4)
DA:3,1
DA:8,30
DA:12,4
DA:20,0
DA:23,0
LF:5
LH:3
BRF:0
BRH:0
end_of_record
TN:
SF:/Users/emmiehine/Desktop/Summer Research 2018/TypeScript/summer-language/lib/prims/NumberNode.ts
FN:11,(anonymous_0)
FN:16,(anonymous_1)
FN:20,(anonymous_2)
FN:24,(anonymous_3)
FN:27,(anonymous_4)
FNF:5
FNH:3
FNDA:164,(anonymous_0)
FNDA:130,(anonymous_1)
FNDA:0,(anonymous_2)
FNDA:54,(anonymous_3)
FNDA:0,(anonymous_4)
DA:8,1
DA:13,164
DA:17,130
DA:25,54
DA:28,0
LF:5
LH:4
BRF:0
BRH:0
end_of_record
TN:
SF:/Users/emmiehine/Desktop/Summer Research 2018/TypeScript/summer-language/lib/prims/StringNode.ts
FN:11,(anonymous_0)
FN:15,(anonymous_1)
FN:19,(anonymous_2)
FN:24,(anonymous_3)
FN:28,(anonymous_4)
FNF:5
FNH:3
FNDA:1,(anonymous_0)
FNDA:1,(anonymous_1)
FNDA:0,(anonymous_2)
FNDA:0,(anonymous_3)
FNDA:1,(anonymous_4)
DA:3,1
DA:9,1
DA:12,1
DA:16,1
DA:20,0
DA:21,0
DA:25,0
DA:29,1
LF:8
LH:5
BRF:0
BRH:0
end_of_record
TN:
SF:/Users/emmiehine/Desktop/Summer Research 2018/TypeScript/summer-language/lib/shapes/ColorNode.ts
FN:9,(anonymous_0)
FN:15,(anonymous_1)
FN:19,(anonymous_2)
FN:23,(anonymous_3)
FN:26,(anonymous_4)
FN:30,(anonymous_5)
FN:33,(anonymous_6)
FN:37,(anonymous_7)
FN:40,(anonymous_8)
FNF:9
FNH:0
FNDA:0,(anonymous_0)
FNDA:0,(anonymous_1)
FNDA:0,(anonymous_2)
FNDA:0,(anonymous_3)
FNDA:0,(anonymous_4)
FNDA:0,(anonymous_5)
FNDA:0,(anonymous_6)
FNDA:0,(anonymous_7)
FNDA:0,(anonymous_8)
DA:4,1
DA:10,0
DA:11,0
DA:12,0
DA:20,0
DA:24,0
DA:27,0
DA:31,0
DA:34,0
DA:38,0
DA:41,0
LF:11
LH:1
BRF:0
BRH:0
end_of_record
TN:
SF:/Users/emmiehine/Desktop/Summer Research 2018/TypeScript/summer-language/lib/shapes/Ellipse.ts
FN:13,(anonymous_0)
FN:20,(anonymous_1)
FN:22,(anonymous_2)
FN:24,(anonymous_3)
FNF:4
FNH:0
FNDA:0,(anonymous_0)
FNDA:0,(anonymous_1)
FNDA:0,(anonymous_2)
FNDA:0,(anonymous_3)
DA:8,1
DA:15,0
DA:16,0
DA:25,0
LF:4
LH:1
BRF:0
BRH:0
end_of_record
TN:
SF:/Users/emmiehine/Desktop/Summer Research 2018/TypeScript/summer-language/lib/shapes/EllipseNode.ts
FN:18,(anonymous_0)
FN:27,(anonymous_1)
FN:32,(anonymous_2)
FN:36,(anonymous_3)
FN:38,(anonymous_4)
FN:41,(anonymous_5)
FN:45,(anonymous_6)
FN:48,(anonymous_7)
FNF:8
FNH:0
FNDA:0,(anonymous_0)
FNDA:0,(anonymous_1)
FNDA:0,(anonymous_2)
FNDA:0,(anonymous_3)
FNDA:0,(anonymous_4)
FNDA:0,(anonymous_5)
FNDA:0,(anonymous_6)
FNDA:0,(anonymous_7)
DA:3,1
DA:8,1
DA:10,1
DA:22,0
DA:23,0
DA:24,0
DA:28,0
DA:29,0
DA:33,0
DA:39,0
DA:42,0
DA:46,0
DA:49,0
LF:13
LH:3
BRF:0
BRH:0
end_of_record
TN:
SF:/Users/emmiehine/Desktop/Summer Research 2018/TypeScript/summer-language/lib/shapes/Shape.ts
FN:5,(anonymous_0)
FN:6,(anonymous_1)
FN:9,(anonymous_2)
FN:13,(anonymous_3)
FN:16,(anonymous_4)
FN:20,(anonymous_5)
FN:23,(anonymous_6)
FNF:7
FNH:0
FNDA:0,(anonymous_0)
FNDA:0,(anonymous_1)
FNDA:0,(anonymous_2)
FNDA:0,(anonymous_3)
FNDA:0,(anonymous_4)
FNDA:0,(anonymous_5)
FNDA:0,(anonymous_6)
DA:4,1
DA:5,0
DA:7,0
DA:10,0
DA:14,0
DA:17,0
DA:21,0
DA:24,0
LF:8
LH:1
BRF:0
BRH:0
end_of_record
TN:
SF:/Users/emmiehine/Desktop/Summer Research 2018/TypeScript/summer-language/lib/structural/PrintNode.ts
FN:9,(anonymous_0)
FN:15,(anonymous_1)
FN:20,(anonymous_2)
FN:26,(anonymous_3)
FN:29,(anonymous_4)
FN:32,(anonymous_5)
FN:35,(anonymous_6)
FNF:7
FNH:0
FNDA:0,(anonymous_0)
FNDA:0,(anonymous_1)
FNDA:0,(anonymous_2)
FNDA:0,(anonymous_3)
FNDA:0,(anonymous_4)
FNDA:0,(anonymous_5)
FNDA:0,(anonymous_6)
DA:4,1
DA:5,0
DA:6,0
DA:10,0
DA:11,0
DA:12,0
DA:16,0
DA:21,0
DA:22,0
DA:23,0
DA:27,0
DA:30,0
DA:33,0
DA:36,0
LF:14
LH:1
BRDA:11,0,0,0
BRDA:11,0,1,0
BRDA:12,1,0,0
BRDA:12,1,1,0
BRF:4
BRH:0
end_of_record
TN:
SF:/Users/emmiehine/Desktop/Summer Research 2018/TypeScript/summer-language/lib/structural/Return.ts
FN:7,(anonymous_0)
FN:11,(anonymous_1)
FN:18,(anonymous_2)
FNF:3
FNH:2
FNDA:5,(anonymous_0)
FNDA:5,(anonymous_1)
FNDA:0,(anonymous_2)
DA:2,1
DA:5,1
DA:8,5
DA:13,5
DA:14,5
LF:5
LH:5
BRF:0
BRH:0
end_of_record
TN:
SF:/Users/emmiehine/Desktop/Summer Research 2018/TypeScript/summer-language/lib/structural/ReturnError.ts
FN:2,(anonymous_0)
FNF:1
FNH:1
FNDA:5,(anonymous_0)
DA:1,1
DA:2,5
DA:3,5
DA:4,5
LF:4
LH:4
BRF:0
BRH:0
end_of_record
TN:
SF:/Users/emmiehine/Desktop/Summer Research 2018/TypeScript/summer-language/lib/structural/Scope.ts
FN:12,(anonymous_0)
FN:19,(anonymous_1)
FN:25,(anonymous_2)
FN:33,(anonymous_3)
FN:38,(anonymous_4)
FN:51,(anonymous_5)
FN:64,(anonymous_6)
FN:67,(anonymous_7)
FN:71,(anonymous_8)
FN:75,(anonymous_9)
FN:78,(anonymous_10)
FN:82,(anonymous_11)
FN:85,(anonymous_12)
FN:88,(anonymous_13)
FN:91,(anonymous_14)
FNF:15
FNH:11
FNDA:126,(anonymous_0)
FNDA:5,(anonymous_1)
FNDA:12,(anonymous_2)
FNDA:28,(anonymous_3)
FNDA:45,(anonymous_4)
FNDA:5,(anonymous_5)
FNDA:93,(anonymous_6)
FNDA:5,(anonymous_7)
FNDA:42,(anonymous_8)
FNDA:0,(anonymous_9)
FNDA:5,(anonymous_10)
FNDA:0,(anonymous_11)
FNDA:0,(anonymous_12)
FNDA:0,(anonymous_13)
FNDA:5,(anonymous_14)
DA:1,1
DA:3,1
DA:6,126
DA:7,126
DA:8,126
DA:9,126
DA:13,126
DA:14,126
DA:15,126
DA:20,5
DA:21,5
DA:22,5
DA:26,12
DA:27,0
DA:29,12
DA:34,28
DA:39,45
DA:40,24
DA:41,24
DA:45,21
DA:46,21
DA:48,0
DA:53,5
DA:54,5
DA:56,0
DA:57,0
DA:59,0
DA:65,93
DA:68,5
DA:72,42
DA:76,0
DA:79,5
DA:83,0
DA:86,0
DA:89,0
DA:92,5
LF:36
LH:27
BRDA:15,0,0,4
BRDA:15,0,1,122
BRDA:15,1,0,126
BRDA:15,1,1,70
BRDA:26,2,0,0
BRDA:26,2,1,12
BRDA:39,3,0,24
BRDA:39,3,1,21
BRDA:40,4,0,24
BRDA:40,4,1,0
BRDA:45,5,0,21
BRDA:45,5,1,0
BRDA:53,6,0,5
BRDA:53,6,1,0
BRDA:56,7,0,0
BRDA:56,7,1,0
BRF:16
BRH:10
end_of_record
TN:
SF:/Users/emmiehine/Desktop/Summer Research 2018/TypeScript/summer-language/lib/structural/SequenceNode.ts
FN:9,(anonymous_0)
FN:14,(anonymous_1)
FN:18,(anonymous_2)
FN:26,(anonymous_3)
FN:29,(anonymous_4)
FN:33,(anonymous_5)
FN:36,(anonymous_6)
FN:40,(anonymous_7)
FN:44,(anonymous_8)
FNF:9
FNH:3
FNDA:23,(anonymous_0)
FNDA:0,(anonymous_1)
FNDA:22,(anonymous_2)
FNDA:0,(anonymous_3)
FNDA:0,(anonymous_4)
FNDA:0,(anonymous_5)
FNDA:0,(anonymous_6)
FNDA:0,(anonymous_7)
FNDA:10,(anonymous_8)
DA:1,1
DA:3,1
DA:10,23
DA:11,23
DA:19,22
DA:22,22
DA:23,22
DA:27,0
DA:30,0
DA:34,0
DA:37,0
DA:41,0
DA:45,10
LF:13
LH:8
BRF:0
BRH:0
end_of_record
TN:
SF:/Users/emmiehine/Desktop/Summer Research 2018/TypeScript/summer-language/lib/unops/NegOp.ts
FN:7,(anonymous_0)
FN:11,(anonymous_1)
FN:15,(anonymous_2)
FNF:3
FNH:2
FNDA:2,(anonymous_0)
FNDA:0,(anonymous_1)
FNDA:2,(anonymous_2)
DA:1,1
DA:4,1
DA:6,1
DA:8,2
DA:16,2
DA:17,2
LF:6
LH:6
BRF:0
BRH:0
end_of_record
TN:
SF:/Users/emmiehine/Desktop/Summer Research 2018/TypeScript/summer-language/lib/unops/UnaryOperation.ts
FN:5,(anonymous_0)
FN:7,(anonymous_1)
FN:9,(anonymous_2)
FN:12,(anonymous_3)
FNF:4
FNH:2
FNDA:2,(anonymous_0)
FNDA:0,(anonymous_1)
FNDA:2,(anonymous_2)
FNDA:0,(anonymous_3)
DA:4,1
DA:5,2
DA:10,2
DA:13,0
LF:4
LH:3
BRF:0
BRH:0
end_of_record
TN:
SF:/Users/emmiehine/Desktop/Summer Research 2018/TypeScript/summer-language/lib/vars/VariableNode.ts
FN:7,(anonymous_0)
FN:12,(anonymous_1)
FN:18,(anonymous_2)
FN:23,(anonymous_3)
FNF:4
FNH:3
FNDA:24,(anonymous_0)
FNDA:18,(anonymous_1)
FNDA:0,(anonymous_2)
FNDA:23,(anonymous_3)
DA:4,1
DA:8,24
DA:15,18
DA:24,23
LF:4
LH:4
BRF:0
BRH:0
end_of_record
